0 info it worked if it ends with ok
1 verbose cli [ '/usr/local/bin/node',
1 verbose cli   '/usr/local/bin/npm',
1 verbose cli   'install',
1 verbose cli   '-g',
1 verbose cli   'grunt-cli' ]
2 info using npm@2.15.5
3 info using node@v4.4.5
4 verbose install initial load of /usr/local/lib/package.json
5 verbose readDependencies loading dependencies from /usr/local/lib/package.json
6 silly cache add args [ 'grunt-cli', null ]
7 verbose cache add spec grunt-cli
8 silly cache add parsed spec Result {
8 silly cache add   raw: 'grunt-cli',
8 silly cache add   scope: null,
8 silly cache add   name: 'grunt-cli',
8 silly cache add   rawSpec: '',
8 silly cache add   spec: 'latest',
8 silly cache add   type: 'tag' }
9 silly addNamed grunt-cli@latest
10 verbose addNamed "latest" is being treated as a dist-tag for grunt-cli
11 info addNameTag [ 'grunt-cli', 'latest' ]
12 silly mapToRegistry name grunt-cli
13 silly mapToRegistry using default registry
14 silly mapToRegistry registry https://registry.npmjs.org/
15 silly mapToRegistry data Result {
15 silly mapToRegistry   raw: 'grunt-cli',
15 silly mapToRegistry   scope: null,
15 silly mapToRegistry   name: 'grunt-cli',
15 silly mapToRegistry   rawSpec: '',
15 silly mapToRegistry   spec: 'latest',
15 silly mapToRegistry   type: 'tag' }
16 silly mapToRegistry uri https://registry.npmjs.org/grunt-cli
17 verbose addNameTag registry:https://registry.npmjs.org/grunt-cli not in flight; fetching
18 verbose request uri https://registry.npmjs.org/grunt-cli
19 verbose request no auth needed
20 info attempt registry request try #1 at 3:29:07 PM
21 verbose request id fd2d3fcad05a5cc8
22 verbose etag "ZX2J9E5CWZ0UWXC6ZTLDRFF7"
23 http request GET https://registry.npmjs.org/grunt-cli
24 http 200 https://registry.npmjs.org/grunt-cli
25 verbose headers { server: 'CouchDB/1.5.0 (Erlang OTP/R16B03)',
25 verbose headers   etag: '"9ZWV8RQVZVWK3GGJVLB217IXP"',
25 verbose headers   'content-type': 'application/json',
25 verbose headers   'content-encoding': 'gzip',
25 verbose headers   'cache-control': 'max-age=300',
25 verbose headers   'content-length': '5969',
25 verbose headers   'accept-ranges': 'bytes',
25 verbose headers   date: 'Tue, 09 Aug 2016 14:29:07 GMT',
25 verbose headers   via: '1.1 varnish',
25 verbose headers   age: '127',
25 verbose headers   connection: 'keep-alive',
25 verbose headers   'x-served-by': 'cache-lcy1128-LCY',
25 verbose headers   'x-cache': 'HIT',
25 verbose headers   'x-cache-hits': '5',
25 verbose headers   'x-timer': 'S1470752947.780469,VS0,VE0',
25 verbose headers   vary: 'Accept-Encoding' }
26 silly get cb [ 200,
26 silly get   { server: 'CouchDB/1.5.0 (Erlang OTP/R16B03)',
26 silly get     etag: '"9ZWV8RQVZVWK3GGJVLB217IXP"',
26 silly get     'content-type': 'application/json',
26 silly get     'content-encoding': 'gzip',
26 silly get     'cache-control': 'max-age=300',
26 silly get     'content-length': '5969',
26 silly get     'accept-ranges': 'bytes',
26 silly get     date: 'Tue, 09 Aug 2016 14:29:07 GMT',
26 silly get     via: '1.1 varnish',
26 silly get     age: '127',
26 silly get     connection: 'keep-alive',
26 silly get     'x-served-by': 'cache-lcy1128-LCY',
26 silly get     'x-cache': 'HIT',
26 silly get     'x-cache-hits': '5',
26 silly get     'x-timer': 'S1470752947.780469,VS0,VE0',
26 silly get     vary: 'Accept-Encoding' } ]
27 verbose get saving grunt-cli to /Users/YUAN/.npm/registry.npmjs.org/grunt-cli/.cache.json
28 verbose correctMkdir /Users/YUAN/.npm correctMkdir not in flight; initializing
29 silly addNameTag next cb for grunt-cli with tag latest
30 silly addNamed grunt-cli@1.2.0
31 verbose addNamed "1.2.0" is a plain semver version for grunt-cli
32 silly mapToRegistry name grunt-cli
33 silly mapToRegistry using default registry
34 silly mapToRegistry registry https://registry.npmjs.org/
35 silly mapToRegistry data Result {
35 silly mapToRegistry   raw: 'grunt-cli',
35 silly mapToRegistry   scope: null,
35 silly mapToRegistry   name: 'grunt-cli',
35 silly mapToRegistry   rawSpec: '',
35 silly mapToRegistry   spec: 'latest',
35 silly mapToRegistry   type: 'tag' }
36 silly mapToRegistry uri https://registry.npmjs.org/grunt-cli
37 verbose addRemoteTarball https://registry.npmjs.org/grunt-cli/-/grunt-cli-1.2.0.tgz not in flight; adding
38 verbose addRemoteTarball [ 'https://registry.npmjs.org/grunt-cli/-/grunt-cli-1.2.0.tgz',
38 verbose addRemoteTarball   '562b119ebb069ddb464ace2845501be97b35b6a8' ]
39 info retry fetch attempt 1 at 3:29:07 PM
40 info attempt registry request try #1 at 3:29:07 PM
41 http fetch GET https://registry.npmjs.org/grunt-cli/-/grunt-cli-1.2.0.tgz
42 http fetch 200 https://registry.npmjs.org/grunt-cli/-/grunt-cli-1.2.0.tgz
43 silly fetchAndShaCheck shasum 562b119ebb069ddb464ace2845501be97b35b6a8
44 verbose addTmpTarball /var/folders/wl/ydbxqgg140dcd9ptyjrp3f9h0000gn/T/npm-16113-701e4d87/registry.npmjs.org/grunt-cli/-/grunt-cli-1.2.0.tgz not in flight; adding
45 verbose addTmpTarball already have metadata; skipping unpack for grunt-cli@1.2.0
46 verbose correctMkdir /Users/YUAN/.npm correctMkdir not in flight; initializing
47 silly cache afterAdd grunt-cli@1.2.0
48 verbose afterAdd /Users/YUAN/.npm/grunt-cli/1.2.0/package/package.json not in flight; writing
49 verbose correctMkdir /Users/YUAN/.npm correctMkdir not in flight; initializing
50 verbose afterAdd /Users/YUAN/.npm/grunt-cli/1.2.0/package/package.json written
51 silly install resolved [ { name: 'grunt-cli',
51 silly install resolved     description: 'The grunt command line interface',
51 silly install resolved     version: '1.2.0',
51 silly install resolved     author:
51 silly install resolved      { name: 'Grunt Development Team',
51 silly install resolved        url: 'http://gruntjs.com/development-team' },
51 silly install resolved     repository:
51 silly install resolved      { type: 'git',
51 silly install resolved        url: 'git+https://github.com/gruntjs/grunt-cli.git' },
51 silly install resolved     license: 'MIT',
51 silly install resolved     engines: { node: '>=0.10.0' },
51 silly install resolved     scripts: { test: 'node bin/grunt test' },
51 silly install resolved     bin: { grunt: 'bin/grunt' },
51 silly install resolved     dependencies:
51 silly install resolved      { 'findup-sync': '~0.3.0',
51 silly install resolved        'grunt-known-options': '~1.1.0',
51 silly install resolved        nopt: '~3.0.6',
51 silly install resolved        resolve: '~1.1.0' },
51 silly install resolved     devDependencies: { grunt: '~0.4.5', 'grunt-contrib-jshint': '~1.0.0' },
51 silly install resolved     files: [ 'bin', 'completion', 'lib' ],
51 silly install resolved     appveyor_id: 'prp6g944b05jsq6d',
51 silly install resolved     contributors: [ [Object], [Object], [Object], [Object] ],
51 silly install resolved     gitHead: 'edd8bd29a72f2f28b63fe2629fcb7b9d9f2feb46',
51 silly install resolved     bugs: { url: 'https://github.com/gruntjs/grunt-cli/issues' },
51 silly install resolved     homepage: 'https://github.com/gruntjs/grunt-cli#readme',
51 silly install resolved     _id: 'grunt-cli@1.2.0',
51 silly install resolved     _shasum: '562b119ebb069ddb464ace2845501be97b35b6a8',
51 silly install resolved     _from: 'grunt-cli@latest',
51 silly install resolved     _npmVersion: '3.8.2',
51 silly install resolved     _nodeVersion: '4.2.3',
51 silly install resolved     _npmUser: { name: 'vladikoff', email: 'vlad@vladikoff.com' },
51 silly install resolved     dist:
51 silly install resolved      { shasum: '562b119ebb069ddb464ace2845501be97b35b6a8',
51 silly install resolved        tarball: 'https://registry.npmjs.org/grunt-cli/-/grunt-cli-1.2.0.tgz' },
51 silly install resolved     maintainers: [ [Object], [Object], [Object], [Object] ],
51 silly install resolved     _npmOperationalInternal:
51 silly install resolved      { host: 'packages-12-west.internal.npmjs.com',
51 silly install resolved        tmp: 'tmp/grunt-cli-1.2.0.tgz_1459558434299_0.8824446983635426' },
51 silly install resolved     directories: {},
51 silly install resolved     _resolved: 'https://registry.npmjs.org/grunt-cli/-/grunt-cli-1.2.0.tgz' } ]
52 info install grunt-cli@1.2.0 into /usr/local/lib
53 info installOne grunt-cli@1.2.0
54 verbose installOne of grunt-cli to /usr/local/lib not in flight; installing
55 verbose correctMkdir /Users/YUAN/.npm/_locks correctMkdir not in flight; initializing
56 verbose lock using /Users/YUAN/.npm/_locks/grunt-cli-58f484dab06f0a30.lock for /usr/local/lib/node_modules/grunt-cli
57 silly install write writing grunt-cli 1.2.0 to /usr/local/lib/node_modules/grunt-cli
58 verbose unbuild lib/node_modules/grunt-cli
59 silly gentlyRm /usr/local/lib/node_modules/grunt-cli is being purged from base /usr/local
60 verbose gentlyRm don't care about contents; nuking /usr/local/lib/node_modules/grunt-cli
61 verbose tar unpack /Users/YUAN/.npm/grunt-cli/1.2.0/package.tgz
62 verbose tar unpacking to /usr/local/lib/node_modules/grunt-cli
63 silly gentlyRm /usr/local/lib/node_modules/grunt-cli is being purged
64 verbose gentlyRm don't care about contents; nuking /usr/local/lib/node_modules/grunt-cli
65 silly gunzTarPerm modes [ '755', '644' ]
66 error tar.unpack untar error /Users/YUAN/.npm/grunt-cli/1.2.0/package.tgz
67 verbose unlock done using /Users/YUAN/.npm/_locks/grunt-cli-58f484dab06f0a30.lock for /usr/local/lib/node_modules/grunt-cli
68 verbose fstream_path /usr/local/lib/node_modules/grunt-cli
69 verbose fstream_type Directory
70 verbose fstream_class DirWriter
71 verbose stack Error: EACCES: permission denied, mkdir '/usr/local/lib/node_modules/grunt-cli'
71 verbose stack     at Error (native)
72 verbose fstream_stack /usr/local/lib/node_modules/npm/node_modules/fstream/lib/dir-writer.js:35:25
72 verbose fstream_stack /usr/local/lib/node_modules/npm/node_modules/mkdirp/index.js:47:53
72 verbose fstream_stack FSReqWrap.oncomplete (fs.js:82:15)
73 verbose cwd /Users/YUAN/Desktop/isaac-app
74 error Darwin 16.0.0
75 error argv "/usr/local/bin/node" "/usr/local/bin/npm" "install" "-g" "grunt-cli"
76 error node v4.4.5
77 error npm  v2.15.5
78 error path /usr/local/lib/node_modules/grunt-cli
79 error code EACCES
80 error errno -13
81 error syscall mkdir
82 error Error: EACCES: permission denied, mkdir '/usr/local/lib/node_modules/grunt-cli'
82 error     at Error (native)
82 error  { [Error: EACCES: permission denied, mkdir '/usr/local/lib/node_modules/grunt-cli']
82 error   errno: -13,
82 error   code: 'EACCES',
82 error   syscall: 'mkdir',
82 error   path: '/usr/local/lib/node_modules/grunt-cli',
82 error   fstream_type: 'Directory',
82 error   fstream_path: '/usr/local/lib/node_modules/grunt-cli',
82 error   fstream_class: 'DirWriter',
82 error   fstream_stack:
82 error    [ '/usr/local/lib/node_modules/npm/node_modules/fstream/lib/dir-writer.js:35:25',
82 error      '/usr/local/lib/node_modules/npm/node_modules/mkdirp/index.js:47:53',
82 error      'FSReqWrap.oncomplete (fs.js:82:15)' ] }
83 error Please try running this command again as root/Administrator.
84 verbose exit [ -13, true ]
85 verbose unbuild lib/node_modules/grunt-cli
86 silly gentlyRm /usr/local/lib/node_modules/grunt-cli is being purged from base /usr/local
87 verbose gentlyRm don't care about contents; nuking /usr/local/lib/node_modules/grunt-cli
